Using pre-set license
Built from '2021.3/staging' branch; Version is '2021.3.3f1 (af2e63e8f9bd) revision 11480675'; Using compiler version '192829333'; Build Type 'Release'
OS: 'Windows 10  (10.0.19042) 64bit Enterprise' Language: 'en' Physical Memory: 32603 MB
BatchMode: 1, IsHumanControllingUs: 0, StartBugReporterOnCrash: 0, Is64bit: 1, IsPro: 1

COMMAND LINE ARGUMENTS:
C:\Program Files\Unity\Hub\Editor\2021.3.3f1\Editor\Unity.exe
-adb2
-batchMode
-noUpm
-name
AssetImportWorker5
-projectPath
C:/Unity/Project_Bunker
-logFile
Logs/AssetImportWorker5.log
-srvPort
60565
Successfully changed project path to: C:/Unity/Project_Bunker
C:/Unity/Project_Bunker
[UnityMemory] Configuration Parameters - Can be set up in boot.config
    "memorysetup-bucket-allocator-granularity=16"
    "memorysetup-bucket-allocator-bucket-count=8"
    "memorysetup-bucket-allocator-block-size=33554432"
    "memorysetup-bucket-allocator-block-count=8"
    "memorysetup-main-allocator-block-size=16777216"
    "memorysetup-thread-allocator-block-size=16777216"
    "memorysetup-gfx-main-allocator-block-size=16777216"
    "memorysetup-gfx-thread-allocator-block-size=16777216"
    "memorysetup-cache-allocator-block-size=4194304"
    "memorysetup-typetree-allocator-block-size=2097152"
    "memorysetup-profiler-bucket-allocator-granularity=16"
    "memorysetup-profiler-bucket-allocator-bucket-count=8"
    "memorysetup-profiler-bucket-allocator-block-size=33554432"
    "memorysetup-profiler-bucket-allocator-block-count=8"
    "memorysetup-profiler-allocator-block-size=16777216"
    "memorysetup-profiler-editor-allocator-block-size=1048576"
    "memorysetup-temp-allocator-size-main=16777216"
    "memorysetup-job-temp-allocator-block-size=2097152"
    "memorysetup-job-temp-allocator-block-size-background=1048576"
    "memorysetup-job-temp-allocator-reduction-small-platforms=262144"
    "memorysetup-temp-allocator-size-background-worker=32768"
    "memorysetup-temp-allocator-size-job-worker=262144"
    "memorysetup-temp-allocator-size-preload-manager=33554432"
    "memorysetup-temp-allocator-size-nav-mesh-worker=65536"
    "memorysetup-temp-allocator-size-audio-worker=65536"
    "memorysetup-temp-allocator-size-cloud-worker=32768"
    "memorysetup-temp-allocator-size-gi-baking-worker=262144"
    "memorysetup-temp-allocator-size-gfx=262144"
Refreshing native plugins compatible for Editor in 82.38 ms, found 3 plugins.
Preloading 0 native plugins for Editor in 0.00 ms.
Initialize engine version: 2021.3.3f1 (af2e63e8f9bd)
[Subsystems] Discovering subsystems at path C:/Program Files/Unity/Hub/Editor/2021.3.3f1/Editor/Data/Resources/UnitySubsystems
[Subsystems] Discovering subsystems at path C:/Unity/Project_Bunker/Assets
GfxDevice: creating device client; threaded=0; jobified=0
Direct3D:
    Version:  Direct3D 11.0 [level 11.1]
    Renderer: NVIDIA GeForce RTX 2070 (ID=0x1f02)
    Vendor:   NVIDIA
    VRAM:     8031 MB
    Driver:   30.0.14.7239
Initialize mono
Mono path[0] = 'C:/Program Files/Unity/Hub/Editor/2021.3.3f1/Editor/Data/Managed'
Mono path[1] = 'C:/Program Files/Unity/Hub/Editor/2021.3.3f1/Editor/Data/MonoBleedingEdge/lib/mono/unityjit-win32'
Mono config path = 'C:/Program Files/Unity/Hub/Editor/2021.3.3f1/Editor/Data/MonoBleedingEdge/etc'
Using monoOptions --debugger-agent=transport=dt_socket,embedding=1,server=y,suspend=n,address=127.0.0.1:56520
Begin MonoManager ReloadAssembly
Registering precompiled unity dll's ...
Register platform support module: C:/Program Files/Unity/Hub/Editor/2021.3.3f1/Editor/Data/PlaybackEngines/WindowsStandaloneSupport/UnityEditor.WindowsStandalone.Extensions.dll
Registered in 0.020460 seconds.
Native extension for WindowsStandalone target not found
Refreshing native plugins compatible for Editor in 77.61 ms, found 3 plugins.
Preloading 0 native plugins for Editor in 0.00 ms.
Mono: successfully reloaded assembly
- Completed reload, in  1.075 seconds
Domain Reload Profiling:
	ReloadAssembly (1075ms)
		BeginReloadAssembly (232ms)
			ExecutionOrderSort (0ms)
			DisableScriptedObjects (0ms)
			BackupInstance (0ms)
			ReleaseScriptingObjects (0ms)
			CreateAndSetChildDomain (1ms)
		EndReloadAssembly (560ms)
			LoadAssemblies (230ms)
			RebuildTransferFunctionScriptingTraits (0ms)
			SetupTypeCache (168ms)
			ReleaseScriptCaches (0ms)
			RebuildScriptCaches (29ms)
			SetupLoadedEditorAssemblies (300ms)
				LogAssemblyErrors (0ms)
				InitializePlatformSupportModulesInManaged (13ms)
				SetLoadedEditorAssemblies (0ms)
				RefreshPlugins (78ms)
				BeforeProcessingInitializeOnLoad (1ms)
				ProcessInitializeOnLoadAttributes (154ms)
				ProcessInitializeOnLoadMethodAttributes (54ms)
				AfterProcessingInitializeOnLoad (0ms)
				EditorAssembliesLoaded (0ms)
			ExecutionOrderSort2 (0ms)
			AwakeInstancesAfterBackupRestoration (0ms)
Platform modules already initialized, skipping
Registering precompiled user dll's ...
Registered in 0.018106 seconds.
Begin MonoManager ReloadAssembly
Symbol file LoadedFromMemory doesn't match image C:\Unity\Project_Bunker\Library\PackageCache\com.unity.visualscripting@1.7.6\Editor\VisualScripting.Core\Dependencies\YamlDotNet\Unity.VisualScripting.YamlDotNet.dll
Symbol file LoadedFromMemory doesn't match image C:\Unity\Project_Bunker\Library\PackageCache\com.unity.visualscripting@1.7.6\Editor\VisualScripting.Core\Dependencies\DotNetZip\Unity.VisualScripting.IonicZip.dll
Native extension for WindowsStandalone target not found
Refreshing native plugins compatible for Editor in 0.55 ms, found 3 plugins.
Preloading 0 native plugins for Editor in 0.00 ms.
Mono: successfully reloaded assembly
- Completed reload, in  1.405 seconds
Domain Reload Profiling:
	ReloadAssembly (1406ms)
		BeginReloadAssembly (259ms)
			ExecutionOrderSort (0ms)
			DisableScriptedObjects (6ms)
			BackupInstance (0ms)
			ReleaseScriptingObjects (0ms)
			CreateAndSetChildDomain (19ms)
		EndReloadAssembly (994ms)
			LoadAssemblies (268ms)
			RebuildTransferFunctionScriptingTraits (0ms)
			SetupTypeCache (307ms)
			ReleaseScriptCaches (1ms)
			RebuildScriptCaches (50ms)
			SetupLoadedEditorAssemblies (448ms)
				LogAssemblyErrors (0ms)
				InitializePlatformSupportModulesInManaged (10ms)
				SetLoadedEditorAssemblies (0ms)
				RefreshPlugins (1ms)
				BeforeProcessingInitializeOnLoad (121ms)
				ProcessInitializeOnLoadAttributes (265ms)
				ProcessInitializeOnLoadMethodAttributes (32ms)
				AfterProcessingInitializeOnLoad (20ms)
				EditorAssembliesLoaded (0ms)
			ExecutionOrderSort2 (0ms)
			AwakeInstancesAfterBackupRestoration (12ms)
Platform modules already initialized, skipping
========================================================================
Worker process is ready to serve import requests
Launched and connected shader compiler UnityShaderCompiler.exe after 0.13 seconds
Refreshing native plugins compatible for Editor in 0.50 ms, found 3 plugins.
Preloading 0 native plugins for Editor in 0.00 ms.
Unloading 3419 Unused Serialized files (Serialized files now loaded: 0)
Unloading 24 unused Assets / (55.7 KB). Loaded Objects now: 3879.
Memory consumption went from 119.4 MB to 119.3 MB.
Total: 3.400300 ms (FindLiveObjects: 0.303100 ms CreateObjectMapping: 0.247000 ms MarkObjects: 2.772800 ms  DeleteObjects: 0.076500 ms)

AssetImportParameters requested are different than current active one (requested -> active):
  custom:video-decoder-ogg-theora: a1e56fd34408186e4bbccfd4996cb3dc -> 
  custom:container-muxer-webm: aa71ff27fc2769a1b78a27578f13a17b -> 
  custom:container-demuxer-webm: 4f35f7cbe854078d1ac9338744f61a02 -> 
  custom:video-encoder-webm-vp8: eb34c28f22e8b96e1ab97ce403110664 -> 
  custom:audio-encoder-webm-vorbis: bf7c407c2cedff20999df2af8eb42d56 -> 
  custom:framework-win-MediaFoundation: 216162199b28c13a410421893ffa2e32 -> 
  custom:container-demuxer-ogg: 62fdf1f143b41e24485cea50d1cbac27 -> 
  custom:video-decoder-webm-vp8: 9c59270c3fd7afecdb556c50c9e8de78 -> 
  custom:audio-decoder-ogg-vorbis: bf7c407c2cedff20999df2af8eb42d56 -> 
========================================================================
Received Import Request.
  Time since last request: 20196.429703 seconds.
  path: Assets/Scripts/Main Menu/Fonts/jmh_typewriter/JMH Typewriter SDF 1.asset
  artifactKey: Guid(c99822f489f272e418c89210f907a850) Importer(815301076,1909f56bfc062723c751e8b465ee728b)
Start importing Assets/Scripts/Main Menu/Fonts/jmh_typewriter/JMH Typewriter SDF 1.asset using Guid(c99822f489f272e418c89210f907a850) Importer(815301076,1909f56bfc062723c751e8b465ee728b)  -> (artifact id: 'f8060eb1a7b3741dd9f5d3109b5c6dca') in 0.214254 seconds 
========================================================================
Received Prepare
Registering precompiled user dll's ...
Registered in 0.016282 seconds.
Begin MonoManager ReloadAssembly
Symbol file LoadedFromMemory doesn't match image C:\Unity\Project_Bunker\Library\PackageCache\com.unity.visualscripting@1.7.6\Editor\VisualScripting.Core\Dependencies\YamlDotNet\Unity.VisualScripting.YamlDotNet.dll
Symbol file LoadedFromMemory doesn't match image C:\Unity\Project_Bunker\Library\PackageCache\com.unity.visualscripting@1.7.6\Editor\VisualScripting.Core\Dependencies\DotNetZip\Unity.VisualScripting.IonicZip.dll
Native extension for WindowsStandalone target not found
Refreshing native plugins compatible for Editor in 0.52 ms, found 3 plugins.
Preloading 0 native plugins for Editor in 0.00 ms.
Mono: successfully reloaded assembly
- Completed reload, in  1.159 seconds
Domain Reload Profiling:
	ReloadAssembly (1160ms)
		BeginReloadAssembly (239ms)
			ExecutionOrderSort (0ms)
			DisableScriptedObjects (5ms)
			BackupInstance (0ms)
			ReleaseScriptingObjects (0ms)
			CreateAndSetChildDomain (38ms)
		EndReloadAssembly (810ms)
			LoadAssemblies (202ms)
			RebuildTransferFunctionScriptingTraits (0ms)
			SetupTypeCache (250ms)
			ReleaseScriptCaches (1ms)
			RebuildScriptCaches (36ms)
			SetupLoadedEditorAssemblies (367ms)
				LogAssemblyErrors (0ms)
				InitializePlatformSupportModulesInManaged (18ms)
				SetLoadedEditorAssemblies (0ms)
				RefreshPlugins (1ms)
				BeforeProcessingInitializeOnLoad (88ms)
				ProcessInitializeOnLoadAttributes (209ms)
				ProcessInitializeOnLoadMethodAttributes (29ms)
				AfterProcessingInitializeOnLoad (21ms)
				EditorAssembliesLoaded (0ms)
			ExecutionOrderSort2 (0ms)
			AwakeInstancesAfterBackupRestoration (11ms)
Platform modules already initialized, skipping
Refreshing native plugins compatible for Editor in 2.75 ms, found 3 plugins.
Preloading 0 native plugins for Editor in 0.00 ms.
Unloading 3399 Unused Serialized files (Serialized files now loaded: 0)
Unloading 17 unused Assets / (24.6 KB). Loaded Objects now: 3923.
Memory consumption went from 122.4 MB to 122.4 MB.
Total: 3.274300 ms (FindLiveObjects: 0.238400 ms CreateObjectMapping: 0.165800 ms MarkObjects: 2.844400 ms  DeleteObjects: 0.024200 ms)

AssetImportParameters requested are different than current active one (requested -> active):
  custom:video-decoder-ogg-theora: a1e56fd34408186e4bbccfd4996cb3dc -> 
  custom:container-muxer-webm: aa71ff27fc2769a1b78a27578f13a17b -> 
  custom:container-demuxer-webm: 4f35f7cbe854078d1ac9338744f61a02 -> 
  custom:video-encoder-webm-vp8: eb34c28f22e8b96e1ab97ce403110664 -> 
  custom:audio-encoder-webm-vorbis: bf7c407c2cedff20999df2af8eb42d56 -> 
  custom:framework-win-MediaFoundation: 216162199b28c13a410421893ffa2e32 -> 
  custom:container-demuxer-ogg: 62fdf1f143b41e24485cea50d1cbac27 -> 
  custom:video-decoder-webm-vp8: 9c59270c3fd7afecdb556c50c9e8de78 -> 
  custom:audio-decoder-ogg-vorbis: bf7c407c2cedff20999df2af8eb42d56 -> 
========================================================================
Received Import Request.
  Time since last request: 841.785811 seconds.
  path: Assets/Fonts/ARIALBD.TTF
  artifactKey: Guid(43b3dee9fa38ec64293532fbbe1c7541) Importer(815301076,1909f56bfc062723c751e8b465ee728b)
Start importing Assets/Fonts/ARIALBD.TTF using Guid(43b3dee9fa38ec64293532fbbe1c7541) Importer(815301076,1909f56bfc062723c751e8b465ee728b)  -> (artifact id: 'ef295b41bc6b774fb994668ec1d072b3') in 0.095861 seconds 
========================================================================
Received Import Request.
  Time since last request: 0.505524 seconds.
  path: Assets/Fonts/ARIALN.TTF
  artifactKey: Guid(9e80dc44f56d108459635193681ea85d) Importer(815301076,1909f56bfc062723c751e8b465ee728b)
Start importing Assets/Fonts/ARIALN.TTF using Guid(9e80dc44f56d108459635193681ea85d) Importer(815301076,1909f56bfc062723c751e8b465ee728b)  -> (artifact id: 'c7b1363b6af236d116606fffa51ce635') in 0.027687 seconds 
========================================================================
Received Import Request.
  Time since last request: 0.569671 seconds.
  path: Assets/Fonts/ARIALNI.TTF
  artifactKey: Guid(8532ea57b5db4114797bd0c1f64dd45e) Importer(815301076,1909f56bfc062723c751e8b465ee728b)
Start importing Assets/Fonts/ARIALNI.TTF using Guid(8532ea57b5db4114797bd0c1f64dd45e) Importer(815301076,1909f56bfc062723c751e8b465ee728b)  -> (artifact id: 'e065633f92ec02fa42b3799fd2ebcfb6') in 0.025861 seconds 
========================================================================
Received Import Request.
  Time since last request: 0.000023 seconds.
  path: Assets/Fonts/BAHNSCHRIFT 9.TTF
  artifactKey: Guid(7b077856a64dbe34e92b410ad94ee3a5) Importer(815301076,1909f56bfc062723c751e8b465ee728b)
Start importing Assets/Fonts/BAHNSCHRIFT 9.TTF using Guid(7b077856a64dbe34e92b410ad94ee3a5) Importer(815301076,1909f56bfc062723c751e8b465ee728b)  -> (artifact id: '31b51e76b2c116654bec09c90bf0a77f') in 0.026256 seconds 
========================================================================
Received Import Request.
  Time since last request: 0.000020 seconds.
  path: Assets/Fonts/ARIALNB.TTF
  artifactKey: Guid(4b3b1c9c143bf6c4090c75936efb88f4) Importer(815301076,1909f56bfc062723c751e8b465ee728b)
Start importing Assets/Fonts/ARIALNB.TTF using Guid(4b3b1c9c143bf6c4090c75936efb88f4) Importer(815301076,1909f56bfc062723c751e8b465ee728b)  -> (artifact id: '3c7e737f5f09dff5d7fff85e54953421') in 0.027920 seconds 
========================================================================
Received Import Request.
  Time since last request: 0.000025 seconds.
  path: Assets/Fonts/ARTIFAKT ELEMENT LIGHT ITALIC.TTF
  artifactKey: Guid(030be3b58f34387418e4d880cf0a5bd9) Importer(815301076,1909f56bfc062723c751e8b465ee728b)
Start importing Assets/Fonts/ARTIFAKT ELEMENT LIGHT ITALIC.TTF using Guid(030be3b58f34387418e4d880cf0a5bd9) Importer(815301076,1909f56bfc062723c751e8b465ee728b)  -> (artifact id: '898d420a8f288ad5fb6d0491e7416d61') in 0.031069 seconds 
========================================================================
Received Import Request.
  Time since last request: 0.000018 seconds.
  path: Assets/Fonts/ARIALBI.TTF
  artifactKey: Guid(211d8dbb4bafa874287efe7df28cc2e8) Importer(815301076,1909f56bfc062723c751e8b465ee728b)
Start importing Assets/Fonts/ARIALBI.TTF using Guid(211d8dbb4bafa874287efe7df28cc2e8) Importer(815301076,1909f56bfc062723c751e8b465ee728b)  -> (artifact id: 'b70e14337ad1f7af3654f5c6832edefa') in 0.029511 seconds 
========================================================================
Received Import Request.
  Time since last request: 0.000054 seconds.
  path: Assets/Fonts/BAHNSCHRIFT 10.TTF
  artifactKey: Guid(dd37b4daa9696724da39013758dbe7e1) Importer(815301076,1909f56bfc062723c751e8b465ee728b)
Start importing Assets/Fonts/BAHNSCHRIFT 10.TTF using Guid(dd37b4daa9696724da39013758dbe7e1) Importer(815301076,1909f56bfc062723c751e8b465ee728b)  -> (artifact id: 'a20facdfe29ef09b54f0ae16fac02a15') in 0.024831 seconds 
========================================================================
Received Import Request.
  Time since last request: 0.000021 seconds.
  path: Assets/Fonts/BAHNSCHRIFT 1.TTF
  artifactKey: Guid(7e871ab36cb174e45a9a6f011be54c37) Importer(815301076,1909f56bfc062723c751e8b465ee728b)
Start importing Assets/Fonts/BAHNSCHRIFT 1.TTF using Guid(7e871ab36cb174e45a9a6f011be54c37) Importer(815301076,1909f56bfc062723c751e8b465ee728b)  -> (artifact id: 'ccb8acc3318d9d3897584a537d10c5e6') in 0.023954 seconds 
========================================================================
Received Import Request.
  Time since last request: 0.000026 seconds.
  path: Assets/Fonts/BAHNSCHRIFT 8.TTF
  artifactKey: Guid(0c6ee02993ef9454b855434d9b87e5bd) Importer(815301076,1909f56bfc062723c751e8b465ee728b)
Start importing Assets/Fonts/BAHNSCHRIFT 8.TTF using Guid(0c6ee02993ef9454b855434d9b87e5bd) Importer(815301076,1909f56bfc062723c751e8b465ee728b)  -> (artifact id: '5117e15d5f0a6bf063bb5ea256e4b92a') in 0.025501 seconds 
========================================================================
Received Import Request.
  Time since last request: 0.000037 seconds.
  path: Assets/Fonts/BGOTHL.TTF
  artifactKey: Guid(e4231aab0960d6740b93a04e779bcc41) Importer(815301076,1909f56bfc062723c751e8b465ee728b)
Start importing Assets/Fonts/BGOTHL.TTF using Guid(e4231aab0960d6740b93a04e779bcc41) Importer(815301076,1909f56bfc062723c751e8b465ee728b)  -> (artifact id: 'ab39cd3af861f597addb92116b23da88') in 0.020822 seconds 
========================================================================
Received Import Request.
  Time since last request: 0.000020 seconds.
  path: Assets/Fonts/BAHNSCHRIFT 12.TTF
  artifactKey: Guid(840ba12bd28886841a1a12f651d8b14a) Importer(815301076,1909f56bfc062723c751e8b465ee728b)
Start importing Assets/Fonts/BAHNSCHRIFT 12.TTF using Guid(840ba12bd28886841a1a12f651d8b14a) Importer(815301076,1909f56bfc062723c751e8b465ee728b)  -> (artifact id: '520a82086ae987ae9d9266bf2913482b') in 0.022910 seconds 
========================================================================
Received Import Request.
  Time since last request: 0.000033 seconds.
  path: Assets/Fonts/ARTIFAKT ELEMENT BOOK ITALIC.TTF
  artifactKey: Guid(e2772e24cc5b89b4184eed539d16f30c) Importer(815301076,1909f56bfc062723c751e8b465ee728b)
Start importing Assets/Fonts/ARTIFAKT ELEMENT BOOK ITALIC.TTF using Guid(e2772e24cc5b89b4184eed539d16f30c) Importer(815301076,1909f56bfc062723c751e8b465ee728b)  -> (artifact id: '29fb562fca8f85fed20b889f05331b37') in 0.019170 seconds 
========================================================================
Received Import Request.
  Time since last request: 0.000021 seconds.
  path: Assets/Fonts/ARTIFAKT ELEMENT LIGHT.TTF
  artifactKey: Guid(8a6ffd66e878f0d4faa82f9ec3c4e9fa) Importer(815301076,1909f56bfc062723c751e8b465ee728b)
Start importing Assets/Fonts/ARTIFAKT ELEMENT LIGHT.TTF using Guid(8a6ffd66e878f0d4faa82f9ec3c4e9fa) Importer(815301076,1909f56bfc062723c751e8b465ee728b)  -> (artifact id: '32fc25beb3b3d31eae24a748b8336beb') in 0.020919 seconds 
========================================================================
Received Import Request.
  Time since last request: 0.000025 seconds.
  path: Assets/Fonts/ARTIFAKT ELEMENT BOLD ITALIC.TTF
  artifactKey: Guid(88fa827ca8167ea4fa4ff8c9a3f9d0b1) Importer(815301076,1909f56bfc062723c751e8b465ee728b)
Start importing Assets/Fonts/ARTIFAKT ELEMENT BOLD ITALIC.TTF using Guid(88fa827ca8167ea4fa4ff8c9a3f9d0b1) Importer(815301076,1909f56bfc062723c751e8b465ee728b)  -> (artifact id: '8dc63e9156e404d821d2ee1c24300a94') in 0.019729 seconds 
========================================================================
Received Import Request.
  Time since last request: 0.000021 seconds.
  path: Assets/Fonts/ARTIFAKT ELEMENT HAIR.TTF
  artifactKey: Guid(1dbe5354d38845048937a09c5393bd95) Importer(815301076,1909f56bfc062723c751e8b465ee728b)
Start importing Assets/Fonts/ARTIFAKT ELEMENT HAIR.TTF using Guid(1dbe5354d38845048937a09c5393bd95) Importer(815301076,1909f56bfc062723c751e8b465ee728b)  -> (artifact id: 'c59c077d24d01ea7423c4195e89092f5') in 0.019269 seconds 
========================================================================
Received Import Request.
  Time since last request: 0.000036 seconds.
  path: Assets/Fonts/ARTIFAKT ELEMENT BOLD.TTF
  artifactKey: Guid(6b1919da18f4a554ab58d4c1dca5b404) Importer(815301076,1909f56bfc062723c751e8b465ee728b)
Start importing Assets/Fonts/ARTIFAKT ELEMENT BOLD.TTF using Guid(6b1919da18f4a554ab58d4c1dca5b404) Importer(815301076,1909f56bfc062723c751e8b465ee728b)  -> (artifact id: 'a27679274c041d08d3223928c6507508') in 0.020051 seconds 
========================================================================
Received Import Request.
  Time since last request: 0.000023 seconds.
  path: Assets/Fonts/ARTIFAKT ELEMENT ITALIC.TTF
  artifactKey: Guid(29ef7b914f73d7e4d8989568ef877f7d) Importer(815301076,1909f56bfc062723c751e8b465ee728b)
Start importing Assets/Fonts/ARTIFAKT ELEMENT ITALIC.TTF using Guid(29ef7b914f73d7e4d8989568ef877f7d) Importer(815301076,1909f56bfc062723c751e8b465ee728b)  -> (artifact id: 'dc36f1d96566324447388c50d3caba0e') in 0.020788 seconds 
========================================================================
Received Import Request.
  Time since last request: 0.000022 seconds.
  path: Assets/Fonts/ARTIFAKT ELEMENT THIN ITALIC.TTF
  artifactKey: Guid(369f4ac877f11704a9e02a210623a160) Importer(815301076,1909f56bfc062723c751e8b465ee728b)
Start importing Assets/Fonts/ARTIFAKT ELEMENT THIN ITALIC.TTF using Guid(369f4ac877f11704a9e02a210623a160) Importer(815301076,1909f56bfc062723c751e8b465ee728b)  -> (artifact id: '239ebe13085eecd66f87e1d6bcde782e') in 0.021067 seconds 
========================================================================
Received Import Request.
  Time since last request: 0.000022 seconds.
  path: Assets/Fonts/BAHNSCHRIFT 14.TTF
  artifactKey: Guid(8d91fdc4dcdb9fd4eb2cb1b5d705301e) Importer(815301076,1909f56bfc062723c751e8b465ee728b)
Start importing Assets/Fonts/BAHNSCHRIFT 14.TTF using Guid(8d91fdc4dcdb9fd4eb2cb1b5d705301e) Importer(815301076,1909f56bfc062723c751e8b465ee728b)  -> (artifact id: 'd7c5813b7cef8166815f29d8575d21c3') in 0.019876 seconds 
========================================================================
Received Import Request.
  Time since last request: 0.000039 seconds.
  path: Assets/Fonts/BAHNSCHRIFT 7.TTF
  artifactKey: Guid(f044a093174dbd943bc095860f0ed8ae) Importer(815301076,1909f56bfc062723c751e8b465ee728b)
Start importing Assets/Fonts/BAHNSCHRIFT 7.TTF using Guid(f044a093174dbd943bc095860f0ed8ae) Importer(815301076,1909f56bfc062723c751e8b465ee728b)  -> (artifact id: '429c0a297b66dc3d54d0a4be5d8f413c') in 0.018790 seconds 
========================================================================
Received Import Request.
  Time since last request: 0.000019 seconds.
  path: Assets/Fonts/ARTIFAKT ELEMENT HEAVY ITALIC.TTF
  artifactKey: Guid(45794466fc2fb5e46ac5d2f03b661eed) Importer(815301076,1909f56bfc062723c751e8b465ee728b)
Start importing Assets/Fonts/ARTIFAKT ELEMENT HEAVY ITALIC.TTF using Guid(45794466fc2fb5e46ac5d2f03b661eed) Importer(815301076,1909f56bfc062723c751e8b465ee728b)  -> (artifact id: 'a4fae27cf8fe48ff96365777f0ee4f82') in 0.019640 seconds 
========================================================================
Received Import Request.
  Time since last request: 0.000021 seconds.
  path: Assets/Fonts/BAHNSCHRIFT 11.TTF
  artifactKey: Guid(acd3197a852bfa4459ed136e6894ff33) Importer(815301076,1909f56bfc062723c751e8b465ee728b)
Start importing Assets/Fonts/BAHNSCHRIFT 11.TTF using Guid(acd3197a852bfa4459ed136e6894ff33) Importer(815301076,1909f56bfc062723c751e8b465ee728b)  -> (artifact id: '54ab3ef6bb96173e8bda2246860a1e81') in 0.019891 seconds 
========================================================================
Received Prepare
Registering precompiled user dll's ...
Registered in 0.016344 seconds.
Begin MonoManager ReloadAssembly
Symbol file LoadedFromMemory doesn't match image C:\Unity\Project_Bunker\Library\PackageCache\com.unity.visualscripting@1.7.6\Editor\VisualScripting.Core\Dependencies\YamlDotNet\Unity.VisualScripting.YamlDotNet.dll
Symbol file LoadedFromMemory doesn't match image C:\Unity\Project_Bunker\Library\PackageCache\com.unity.visualscripting@1.7.6\Editor\VisualScripting.Core\Dependencies\DotNetZip\Unity.VisualScripting.IonicZip.dll
Native extension for WindowsStandalone target not found
Refreshing native plugins compatible for Editor in 0.53 ms, found 3 plugins.
Preloading 0 native plugins for Editor in 0.00 ms.
Mono: successfully reloaded assembly
- Completed reload, in  1.358 seconds
Domain Reload Profiling:
	ReloadAssembly (1359ms)
		BeginReloadAssembly (273ms)
			ExecutionOrderSort (0ms)
			DisableScriptedObjects (4ms)
			BackupInstance (0ms)
			ReleaseScriptingObjects (0ms)
			CreateAndSetChildDomain (42ms)
		EndReloadAssembly (949ms)
			LoadAssemblies (245ms)
			RebuildTransferFunctionScriptingTraits (0ms)
			SetupTypeCache (294ms)
			ReleaseScriptCaches (1ms)
			RebuildScriptCaches (50ms)
			SetupLoadedEditorAssemblies (416ms)
				LogAssemblyErrors (0ms)
				InitializePlatformSupportModulesInManaged (21ms)
				SetLoadedEditorAssemblies (0ms)
				RefreshPlugins (1ms)
				BeforeProcessingInitializeOnLoad (95ms)
				ProcessInitializeOnLoadAttributes (240ms)
				ProcessInitializeOnLoadMethodAttributes (35ms)
				AfterProcessingInitializeOnLoad (23ms)
				EditorAssembliesLoaded (0ms)
			ExecutionOrderSort2 (0ms)
			AwakeInstancesAfterBackupRestoration (12ms)
Platform modules already initialized, skipping
Refreshing native plugins compatible for Editor in 3.40 ms, found 3 plugins.
Preloading 0 native plugins for Editor in 0.00 ms.
Unloading 3399 Unused Serialized files (Serialized files now loaded: 0)
Unloading 17 unused Assets / (24.6 KB). Loaded Objects now: 3928.
Memory consumption went from 122.6 MB to 122.6 MB.
Total: 3.185300 ms (FindLiveObjects: 0.300000 ms CreateObjectMapping: 0.253000 ms MarkObjects: 2.607800 ms  DeleteObjects: 0.023300 ms)

AssetImportParameters requested are different than current active one (requested -> active):
  custom:video-decoder-ogg-theora: a1e56fd34408186e4bbccfd4996cb3dc -> 
  custom:container-muxer-webm: aa71ff27fc2769a1b78a27578f13a17b -> 
  custom:container-demuxer-webm: 4f35f7cbe854078d1ac9338744f61a02 -> 
  custom:video-encoder-webm-vp8: eb34c28f22e8b96e1ab97ce403110664 -> 
  custom:audio-encoder-webm-vorbis: bf7c407c2cedff20999df2af8eb42d56 -> 
  custom:framework-win-MediaFoundation: 216162199b28c13a410421893ffa2e32 -> 
  custom:container-demuxer-ogg: 62fdf1f143b41e24485cea50d1cbac27 -> 
  custom:video-decoder-webm-vp8: 9c59270c3fd7afecdb556c50c9e8de78 -> 
  custom:audio-decoder-ogg-vorbis: bf7c407c2cedff20999df2af8eb42d56 -> 
Editor requested this worker to shutdown with reason: Scaling down because of idle timeout
AssetImportWorker is now disconnected from the server
Process exiting
Exiting without the bug reporter. Application will terminate with return code 0