Using pre-set license
Built from '2021.3/staging' branch; Version is '2021.3.3f1 (af2e63e8f9bd) revision 11480675'; Using compiler version '192829333'; Build Type 'Release'
OS: 'Windows 10  (10.0.19042) 64bit Enterprise' Language: 'en' Physical Memory: 32603 MB
BatchMode: 1, IsHumanControllingUs: 0, StartBugReporterOnCrash: 0, Is64bit: 1, IsPro: 1

COMMAND LINE ARGUMENTS:
C:\Program Files\Unity\Hub\Editor\2021.3.3f1\Editor\Unity.exe
-adb2
-batchMode
-noUpm
-name
AssetImportWorker6
-projectPath
C:/Unity/Project_Bunker
-logFile
Logs/AssetImportWorker6.log
-srvPort
60565
Successfully changed project path to: C:/Unity/Project_Bunker
C:/Unity/Project_Bunker
[UnityMemory] Configuration Parameters - Can be set up in boot.config
    "memorysetup-bucket-allocator-granularity=16"
    "memorysetup-bucket-allocator-bucket-count=8"
    "memorysetup-bucket-allocator-block-size=33554432"
    "memorysetup-bucket-allocator-block-count=8"
    "memorysetup-main-allocator-block-size=16777216"
    "memorysetup-thread-allocator-block-size=16777216"
    "memorysetup-gfx-main-allocator-block-size=16777216"
    "memorysetup-gfx-thread-allocator-block-size=16777216"
    "memorysetup-cache-allocator-block-size=4194304"
    "memorysetup-typetree-allocator-block-size=2097152"
    "memorysetup-profiler-bucket-allocator-granularity=16"
    "memorysetup-profiler-bucket-allocator-bucket-count=8"
    "memorysetup-profiler-bucket-allocator-block-size=33554432"
    "memorysetup-profiler-bucket-allocator-block-count=8"
    "memorysetup-profiler-allocator-block-size=16777216"
    "memorysetup-profiler-editor-allocator-block-size=1048576"
    "memorysetup-temp-allocator-size-main=16777216"
    "memorysetup-job-temp-allocator-block-size=2097152"
    "memorysetup-job-temp-allocator-block-size-background=1048576"
    "memorysetup-job-temp-allocator-reduction-small-platforms=262144"
    "memorysetup-temp-allocator-size-background-worker=32768"
    "memorysetup-temp-allocator-size-job-worker=262144"
    "memorysetup-temp-allocator-size-preload-manager=33554432"
    "memorysetup-temp-allocator-size-nav-mesh-worker=65536"
    "memorysetup-temp-allocator-size-audio-worker=65536"
    "memorysetup-temp-allocator-size-cloud-worker=32768"
    "memorysetup-temp-allocator-size-gi-baking-worker=262144"
    "memorysetup-temp-allocator-size-gfx=262144"
Refreshing native plugins compatible for Editor in 80.34 ms, found 3 plugins.
Preloading 0 native plugins for Editor in 0.00 ms.
Initialize engine version: 2021.3.3f1 (af2e63e8f9bd)
[Subsystems] Discovering subsystems at path C:/Program Files/Unity/Hub/Editor/2021.3.3f1/Editor/Data/Resources/UnitySubsystems
[Subsystems] Discovering subsystems at path C:/Unity/Project_Bunker/Assets
GfxDevice: creating device client; threaded=0; jobified=0
Direct3D:
    Version:  Direct3D 11.0 [level 11.1]
    Renderer: NVIDIA GeForce RTX 2070 (ID=0x1f02)
    Vendor:   NVIDIA
    VRAM:     8031 MB
    Driver:   30.0.14.7239
Initialize mono
Mono path[0] = 'C:/Program Files/Unity/Hub/Editor/2021.3.3f1/Editor/Data/Managed'
Mono path[1] = 'C:/Program Files/Unity/Hub/Editor/2021.3.3f1/Editor/Data/MonoBleedingEdge/lib/mono/unityjit-win32'
Mono config path = 'C:/Program Files/Unity/Hub/Editor/2021.3.3f1/Editor/Data/MonoBleedingEdge/etc'
Using monoOptions --debugger-agent=transport=dt_socket,embedding=1,server=y,suspend=n,address=127.0.0.1:56696
Begin MonoManager ReloadAssembly
Registering precompiled unity dll's ...
Register platform support module: C:/Program Files/Unity/Hub/Editor/2021.3.3f1/Editor/Data/PlaybackEngines/WindowsStandaloneSupport/UnityEditor.WindowsStandalone.Extensions.dll
Registered in 0.019645 seconds.
Native extension for WindowsStandalone target not found
Refreshing native plugins compatible for Editor in 78.89 ms, found 3 plugins.
Preloading 0 native plugins for Editor in 0.00 ms.
Mono: successfully reloaded assembly
- Completed reload, in  1.072 seconds
Domain Reload Profiling:
	ReloadAssembly (1072ms)
		BeginReloadAssembly (231ms)
			ExecutionOrderSort (0ms)
			DisableScriptedObjects (0ms)
			BackupInstance (0ms)
			ReleaseScriptingObjects (0ms)
			CreateAndSetChildDomain (1ms)
		EndReloadAssembly (557ms)
			LoadAssemblies (229ms)
			RebuildTransferFunctionScriptingTraits (0ms)
			SetupTypeCache (172ms)
			ReleaseScriptCaches (0ms)
			RebuildScriptCaches (29ms)
			SetupLoadedEditorAssemblies (294ms)
				LogAssemblyErrors (0ms)
				InitializePlatformSupportModulesInManaged (11ms)
				SetLoadedEditorAssemblies (0ms)
				RefreshPlugins (79ms)
				BeforeProcessingInitializeOnLoad (1ms)
				ProcessInitializeOnLoadAttributes (146ms)
				ProcessInitializeOnLoadMethodAttributes (56ms)
				AfterProcessingInitializeOnLoad (0ms)
				EditorAssembliesLoaded (0ms)
			ExecutionOrderSort2 (0ms)
			AwakeInstancesAfterBackupRestoration (0ms)
Platform modules already initialized, skipping
Registering precompiled user dll's ...
Registered in 0.018927 seconds.
Begin MonoManager ReloadAssembly
Symbol file LoadedFromMemory doesn't match image C:\Unity\Project_Bunker\Library\PackageCache\com.unity.visualscripting@1.7.6\Editor\VisualScripting.Core\Dependencies\YamlDotNet\Unity.VisualScripting.YamlDotNet.dll
Symbol file LoadedFromMemory doesn't match image C:\Unity\Project_Bunker\Library\PackageCache\com.unity.visualscripting@1.7.6\Editor\VisualScripting.Core\Dependencies\DotNetZip\Unity.VisualScripting.IonicZip.dll
Native extension for WindowsStandalone target not found
Refreshing native plugins compatible for Editor in 0.86 ms, found 3 plugins.
Preloading 0 native plugins for Editor in 0.00 ms.
Mono: successfully reloaded assembly
- Completed reload, in  1.416 seconds
Domain Reload Profiling:
	ReloadAssembly (1417ms)
		BeginReloadAssembly (259ms)
			ExecutionOrderSort (0ms)
			DisableScriptedObjects (6ms)
			BackupInstance (0ms)
			ReleaseScriptingObjects (0ms)
			CreateAndSetChildDomain (18ms)
		EndReloadAssembly (1002ms)
			LoadAssemblies (271ms)
			RebuildTransferFunctionScriptingTraits (0ms)
			SetupTypeCache (303ms)
			ReleaseScriptCaches (1ms)
			RebuildScriptCaches (52ms)
			SetupLoadedEditorAssemblies (464ms)
				LogAssemblyErrors (0ms)
				InitializePlatformSupportModulesInManaged (9ms)
				SetLoadedEditorAssemblies (0ms)
				RefreshPlugins (1ms)
				BeforeProcessingInitializeOnLoad (115ms)
				ProcessInitializeOnLoadAttributes (285ms)
				ProcessInitializeOnLoadMethodAttributes (34ms)
				AfterProcessingInitializeOnLoad (19ms)
				EditorAssembliesLoaded (0ms)
			ExecutionOrderSort2 (0ms)
			AwakeInstancesAfterBackupRestoration (11ms)
Platform modules already initialized, skipping
========================================================================
Worker process is ready to serve import requests
Launched and connected shader compiler UnityShaderCompiler.exe after 0.13 seconds
Refreshing native plugins compatible for Editor in 0.46 ms, found 3 plugins.
Preloading 0 native plugins for Editor in 0.00 ms.
Unloading 3419 Unused Serialized files (Serialized files now loaded: 0)
Unloading 24 unused Assets / (55.7 KB). Loaded Objects now: 3879.
Memory consumption went from 119.4 MB to 119.3 MB.
Total: 2.966200 ms (FindLiveObjects: 0.284700 ms CreateObjectMapping: 0.199800 ms MarkObjects: 2.420500 ms  DeleteObjects: 0.060300 ms)

AssetImportParameters requested are different than current active one (requested -> active):
  custom:video-decoder-ogg-theora: a1e56fd34408186e4bbccfd4996cb3dc -> 
  custom:container-muxer-webm: aa71ff27fc2769a1b78a27578f13a17b -> 
  custom:container-demuxer-webm: 4f35f7cbe854078d1ac9338744f61a02 -> 
  custom:video-encoder-webm-vp8: eb34c28f22e8b96e1ab97ce403110664 -> 
  custom:audio-encoder-webm-vorbis: bf7c407c2cedff20999df2af8eb42d56 -> 
  custom:framework-win-MediaFoundation: 216162199b28c13a410421893ffa2e32 -> 
  custom:container-demuxer-ogg: 62fdf1f143b41e24485cea50d1cbac27 -> 
  custom:video-decoder-webm-vp8: 9c59270c3fd7afecdb556c50c9e8de78 -> 
  custom:audio-decoder-ogg-vorbis: bf7c407c2cedff20999df2af8eb42d56 -> 
========================================================================
Received Import Request.
  Time since last request: 20196.428045 seconds.
  path: Assets/Scripts/Main Menu/Fonts/jmh_typewriter/JMH Typewriter SDF.asset
  artifactKey: Guid(ffeb0a3d37e0e9947890393f5f7f98d3) Importer(815301076,1909f56bfc062723c751e8b465ee728b)
Start importing Assets/Scripts/Main Menu/Fonts/jmh_typewriter/JMH Typewriter SDF.asset using Guid(ffeb0a3d37e0e9947890393f5f7f98d3) Importer(815301076,1909f56bfc062723c751e8b465ee728b)  -> (artifact id: '4993c952afb6b0e0d306096bc42b3baf') in 0.219965 seconds 
========================================================================
Received Prepare
Registering precompiled user dll's ...
Registered in 0.015817 seconds.
Begin MonoManager ReloadAssembly
Symbol file LoadedFromMemory doesn't match image C:\Unity\Project_Bunker\Library\PackageCache\com.unity.visualscripting@1.7.6\Editor\VisualScripting.Core\Dependencies\YamlDotNet\Unity.VisualScripting.YamlDotNet.dll
Symbol file LoadedFromMemory doesn't match image C:\Unity\Project_Bunker\Library\PackageCache\com.unity.visualscripting@1.7.6\Editor\VisualScripting.Core\Dependencies\DotNetZip\Unity.VisualScripting.IonicZip.dll
Native extension for WindowsStandalone target not found
Refreshing native plugins compatible for Editor in 0.49 ms, found 3 plugins.
Preloading 0 native plugins for Editor in 0.00 ms.
Mono: successfully reloaded assembly
- Completed reload, in  1.155 seconds
Domain Reload Profiling:
	ReloadAssembly (1156ms)
		BeginReloadAssembly (244ms)
			ExecutionOrderSort (0ms)
			DisableScriptedObjects (5ms)
			BackupInstance (0ms)
			ReleaseScriptingObjects (0ms)
			CreateAndSetChildDomain (38ms)
		EndReloadAssembly (801ms)
			LoadAssemblies (201ms)
			RebuildTransferFunctionScriptingTraits (0ms)
			SetupTypeCache (244ms)
			ReleaseScriptCaches (1ms)
			RebuildScriptCaches (36ms)
			SetupLoadedEditorAssemblies (363ms)
				LogAssemblyErrors (0ms)
				InitializePlatformSupportModulesInManaged (17ms)
				SetLoadedEditorAssemblies (0ms)
				RefreshPlugins (1ms)
				BeforeProcessingInitializeOnLoad (86ms)
				ProcessInitializeOnLoadAttributes (210ms)
				ProcessInitializeOnLoadMethodAttributes (30ms)
				AfterProcessingInitializeOnLoad (18ms)
				EditorAssembliesLoaded (0ms)
			ExecutionOrderSort2 (0ms)
			AwakeInstancesAfterBackupRestoration (13ms)
Platform modules already initialized, skipping
Refreshing native plugins compatible for Editor in 2.78 ms, found 3 plugins.
Preloading 0 native plugins for Editor in 0.00 ms.
Unloading 3399 Unused Serialized files (Serialized files now loaded: 0)
Unloading 17 unused Assets / (24.6 KB). Loaded Objects now: 3923.
Memory consumption went from 122.4 MB to 122.4 MB.
Total: 3.018800 ms (FindLiveObjects: 0.241200 ms CreateObjectMapping: 0.149600 ms MarkObjects: 2.611200 ms  DeleteObjects: 0.015900 ms)

AssetImportParameters requested are different than current active one (requested -> active):
  custom:video-decoder-ogg-theora: a1e56fd34408186e4bbccfd4996cb3dc -> 
  custom:container-muxer-webm: aa71ff27fc2769a1b78a27578f13a17b -> 
  custom:container-demuxer-webm: 4f35f7cbe854078d1ac9338744f61a02 -> 
  custom:video-encoder-webm-vp8: eb34c28f22e8b96e1ab97ce403110664 -> 
  custom:audio-encoder-webm-vorbis: bf7c407c2cedff20999df2af8eb42d56 -> 
  custom:framework-win-MediaFoundation: 216162199b28c13a410421893ffa2e32 -> 
  custom:container-demuxer-ogg: 62fdf1f143b41e24485cea50d1cbac27 -> 
  custom:video-decoder-webm-vp8: 9c59270c3fd7afecdb556c50c9e8de78 -> 
  custom:audio-decoder-ogg-vorbis: bf7c407c2cedff20999df2af8eb42d56 -> 
========================================================================
Received Import Request.
  Time since last request: 700.325238 seconds.
  path: Assets
  artifactKey: Guid(00000000000000001000000000000000) Importer(815301076,1909f56bfc062723c751e8b465ee728b)
Start importing Assets using Guid(00000000000000001000000000000000) Importer(815301076,1909f56bfc062723c751e8b465ee728b)  -> (artifact id: '79842766b460edbeab6a34051e857a80') in 0.010161 seconds 
========================================================================
Received Import Request.
  Time since last request: 7.178458 seconds.
  path: Assets/Fonts
  artifactKey: Guid(27747478baa765940a52463dd87292e9) Importer(815301076,1909f56bfc062723c751e8b465ee728b)
Start importing Assets/Fonts using Guid(27747478baa765940a52463dd87292e9) Importer(815301076,1909f56bfc062723c751e8b465ee728b)  -> (artifact id: '8ec21b1f82bbb30d1a345b9048cf62c3') in 0.006425 seconds 
========================================================================
Received Import Request.
  Time since last request: 134.252496 seconds.
  path: Assets/Fonts/ARIAL.TTF
  artifactKey: Guid(9cd8aea53de61054fb2c31d610d819ba) Importer(815301076,1909f56bfc062723c751e8b465ee728b)
Start importing Assets/Fonts/ARIAL.TTF using Guid(9cd8aea53de61054fb2c31d610d819ba) Importer(815301076,1909f56bfc062723c751e8b465ee728b)  -> (artifact id: '82e34c6ae4a2c54c26e40110db5a41fa') in 0.119980 seconds 
========================================================================
Received Import Request.
  Time since last request: 0.481979 seconds.
  path: Assets/Fonts/ARIALI.TTF
  artifactKey: Guid(137170d18fb9894468690d6036257748) Importer(815301076,1909f56bfc062723c751e8b465ee728b)
Start importing Assets/Fonts/ARIALI.TTF using Guid(137170d18fb9894468690d6036257748) Importer(815301076,1909f56bfc062723c751e8b465ee728b)  -> (artifact id: '923d712af88e5454346ddae97fb4311b') in 0.025735 seconds 
========================================================================
Received Import Request.
  Time since last request: 0.571272 seconds.
  path: Assets/Fonts/ARIALNBI.TTF
  artifactKey: Guid(4806bb5d47f05f2459891a9bc0c6092f) Importer(815301076,1909f56bfc062723c751e8b465ee728b)
Start importing Assets/Fonts/ARIALNBI.TTF using Guid(4806bb5d47f05f2459891a9bc0c6092f) Importer(815301076,1909f56bfc062723c751e8b465ee728b)  -> (artifact id: '5f9dedcb2e5428fd43aaee32f14b0032') in 0.026358 seconds 
========================================================================
Received Import Request.
  Time since last request: 0.000019 seconds.
  path: Assets/Fonts/ARTIFAKT ELEMENT BLACK.TTF
  artifactKey: Guid(ad5f92696c2f1fd4aaa4f363554d30ea) Importer(815301076,1909f56bfc062723c751e8b465ee728b)
Start importing Assets/Fonts/ARTIFAKT ELEMENT BLACK.TTF using Guid(ad5f92696c2f1fd4aaa4f363554d30ea) Importer(815301076,1909f56bfc062723c751e8b465ee728b)  -> (artifact id: 'a3aa8783182519cdb0978d864157acf4') in 0.027498 seconds 
========================================================================
Received Import Request.
  Time since last request: 0.000020 seconds.
  path: Assets/Fonts/ARIALUNI.TTF
  artifactKey: Guid(089ba1fcd20268b46b78586e0f4730a2) Importer(815301076,1909f56bfc062723c751e8b465ee728b)
Start importing Assets/Fonts/ARIALUNI.TTF using Guid(089ba1fcd20268b46b78586e0f4730a2) Importer(815301076,1909f56bfc062723c751e8b465ee728b)  -> (artifact id: 'ab33a6205e06acfa14d831fd033f1e34') in 0.047351 seconds 
========================================================================
Received Import Request.
  Time since last request: 0.000019 seconds.
  path: Assets/Fonts/ARTIFAKT ELEMENT BLACK ITALIC.TTF
  artifactKey: Guid(0089c69cd1c5bc84f8b4ea9df4c3d14c) Importer(815301076,1909f56bfc062723c751e8b465ee728b)
Start importing Assets/Fonts/ARTIFAKT ELEMENT BLACK ITALIC.TTF using Guid(0089c69cd1c5bc84f8b4ea9df4c3d14c) Importer(815301076,1909f56bfc062723c751e8b465ee728b)  -> (artifact id: 'a59a9f96764e6dc5eaf6d4e71c7380d5') in 0.028117 seconds 
========================================================================
Received Import Request.
  Time since last request: 0.000032 seconds.
  path: Assets/Fonts/ARIBLK.TTF
  artifactKey: Guid(db547f2311f1de748a671eebae150b41) Importer(815301076,1909f56bfc062723c751e8b465ee728b)
Start importing Assets/Fonts/ARIBLK.TTF using Guid(db547f2311f1de748a671eebae150b41) Importer(815301076,1909f56bfc062723c751e8b465ee728b)  -> (artifact id: 'fb90ede86343dc32353d3a5818d0354b') in 0.027371 seconds 
========================================================================
Received Import Request.
  Time since last request: 0.000029 seconds.
  path: Assets/Fonts/ARTIFAKT ELEMENT THIN.TTF
  artifactKey: Guid(9535a6f7c582e5b4798b8926dcb73399) Importer(815301076,1909f56bfc062723c751e8b465ee728b)
Start importing Assets/Fonts/ARTIFAKT ELEMENT THIN.TTF using Guid(9535a6f7c582e5b4798b8926dcb73399) Importer(815301076,1909f56bfc062723c751e8b465ee728b)  -> (artifact id: '44e5d2bc646c515caf95ddfa8dfbe674') in 0.026437 seconds 
========================================================================
Received Import Request.
  Time since last request: 0.000025 seconds.
  path: Assets/Fonts/BAHNSCHRIFT 4.TTF
  artifactKey: Guid(7a87497d85a53f141b18b749602cde09) Importer(815301076,1909f56bfc062723c751e8b465ee728b)
Start importing Assets/Fonts/BAHNSCHRIFT 4.TTF using Guid(7a87497d85a53f141b18b749602cde09) Importer(815301076,1909f56bfc062723c751e8b465ee728b)  -> (artifact id: '2ae3a95cf9113789e736241ab66f49cb') in 0.026661 seconds 
========================================================================
Received Import Request.
  Time since last request: 0.000033 seconds.
  path: Assets/Fonts/BAHNSCHRIFT 5.TTF
  artifactKey: Guid(5721bfd350acfc24895e74127f84021d) Importer(815301076,1909f56bfc062723c751e8b465ee728b)
Start importing Assets/Fonts/BAHNSCHRIFT 5.TTF using Guid(5721bfd350acfc24895e74127f84021d) Importer(815301076,1909f56bfc062723c751e8b465ee728b)  -> (artifact id: '9b37eab5ae9e4e111d1bd09bb0aae54e') in 0.023141 seconds 
========================================================================
Received Import Request.
  Time since last request: 0.000046 seconds.
  path: Assets/Fonts/BAHNSCHRIFT 2.TTF
  artifactKey: Guid(534ee3ff5a86ba24385d9d9643961f45) Importer(815301076,1909f56bfc062723c751e8b465ee728b)
Start importing Assets/Fonts/BAHNSCHRIFT 2.TTF using Guid(534ee3ff5a86ba24385d9d9643961f45) Importer(815301076,1909f56bfc062723c751e8b465ee728b)  -> (artifact id: '96c92c7679bf217f6bac6e6c53da1510') in 0.022633 seconds 
========================================================================
Received Import Request.
  Time since last request: 0.000023 seconds.
  path: Assets/Fonts/BAHNSCHRIFT 6.TTF
  artifactKey: Guid(ebbd6890088b369418d8988faf8cae2f) Importer(815301076,1909f56bfc062723c751e8b465ee728b)
Start importing Assets/Fonts/BAHNSCHRIFT 6.TTF using Guid(ebbd6890088b369418d8988faf8cae2f) Importer(815301076,1909f56bfc062723c751e8b465ee728b)  -> (artifact id: 'd8b246d67286c5dc5310fc4b2defe479') in 0.020294 seconds 
========================================================================
Received Import Request.
  Time since last request: 0.000025 seconds.
  path: Assets/Fonts/BAHNSCHRIFT 3.TTF
  artifactKey: Guid(e4bf444c5b8e11d43b24a8000092f109) Importer(815301076,1909f56bfc062723c751e8b465ee728b)
Start importing Assets/Fonts/BAHNSCHRIFT 3.TTF using Guid(e4bf444c5b8e11d43b24a8000092f109) Importer(815301076,1909f56bfc062723c751e8b465ee728b)  -> (artifact id: '4a7ced1fb2794dc4502f94af952318f6') in 0.019456 seconds 
========================================================================
Received Import Request.
  Time since last request: 0.000020 seconds.
  path: Assets/Fonts/BGOTHM.TTF
  artifactKey: Guid(319bf6f66e1285040810d22e6bcee018) Importer(815301076,1909f56bfc062723c751e8b465ee728b)
Start importing Assets/Fonts/BGOTHM.TTF using Guid(319bf6f66e1285040810d22e6bcee018) Importer(815301076,1909f56bfc062723c751e8b465ee728b)  -> (artifact id: '33c552fc1ac09f79046cdba67b8f9675') in 0.019674 seconds 
========================================================================
Received Import Request.
  Time since last request: 0.000024 seconds.
  path: Assets/Fonts/ARTIFAKT ELEMENT REGULAR.TTF
  artifactKey: Guid(893242d89f9e1374d94e6d7d8f71554b) Importer(815301076,1909f56bfc062723c751e8b465ee728b)
Start importing Assets/Fonts/ARTIFAKT ELEMENT REGULAR.TTF using Guid(893242d89f9e1374d94e6d7d8f71554b) Importer(815301076,1909f56bfc062723c751e8b465ee728b)  -> (artifact id: '728cf533e59103344ae0d171821c9e0c') in 0.018408 seconds 
========================================================================
Received Import Request.
  Time since last request: 0.000021 seconds.
  path: Assets/Fonts/ARTIFAKT ELEMENT HEAVY.TTF
  artifactKey: Guid(1ce021315d022fe42ad1d9a815986990) Importer(815301076,1909f56bfc062723c751e8b465ee728b)
Start importing Assets/Fonts/ARTIFAKT ELEMENT HEAVY.TTF using Guid(1ce021315d022fe42ad1d9a815986990) Importer(815301076,1909f56bfc062723c751e8b465ee728b)  -> (artifact id: 'b81099604faf50bdf62c9a26d26a8aed') in 0.021510 seconds 
========================================================================
Received Import Request.
  Time since last request: 0.000023 seconds.
  path: Assets/Fonts/ARLRDBD.TTF
  artifactKey: Guid(5aab81221451e7c4994a7703901d04d7) Importer(815301076,1909f56bfc062723c751e8b465ee728b)
Start importing Assets/Fonts/ARLRDBD.TTF using Guid(5aab81221451e7c4994a7703901d04d7) Importer(815301076,1909f56bfc062723c751e8b465ee728b)  -> (artifact id: 'a5fccd71a28249c2b4f6cf5da9b902e9') in 0.020328 seconds 
========================================================================
Received Import Request.
  Time since last request: 0.000025 seconds.
  path: Assets/Fonts/BAHNSCHRIFT 13.TTF
  artifactKey: Guid(3f1a53401afa5c44fb192566aa39de52) Importer(815301076,1909f56bfc062723c751e8b465ee728b)
Start importing Assets/Fonts/BAHNSCHRIFT 13.TTF using Guid(3f1a53401afa5c44fb192566aa39de52) Importer(815301076,1909f56bfc062723c751e8b465ee728b)  -> (artifact id: '472544672914f7ea54bb548736f472b6') in 0.020635 seconds 
========================================================================
Received Import Request.
  Time since last request: 0.000028 seconds.
  path: Assets/Fonts/ARTIFAKT ELEMENT MEDIUM.TTF
  artifactKey: Guid(f67d3cabefbe605428eb8b3080e78971) Importer(815301076,1909f56bfc062723c751e8b465ee728b)
Start importing Assets/Fonts/ARTIFAKT ELEMENT MEDIUM.TTF using Guid(f67d3cabefbe605428eb8b3080e78971) Importer(815301076,1909f56bfc062723c751e8b465ee728b)  -> (artifact id: 'b5b6a028f978f42e55b034f79746fba1') in 0.019907 seconds 
========================================================================
Received Import Request.
  Time since last request: 0.000036 seconds.
  path: Assets/Fonts/ARTIFAKT ELEMENT MEDIUM ITALIC.TTF
  artifactKey: Guid(faf6d20c8eb2b69408d8e36e81c6a8a4) Importer(815301076,1909f56bfc062723c751e8b465ee728b)
Start importing Assets/Fonts/ARTIFAKT ELEMENT MEDIUM ITALIC.TTF using Guid(faf6d20c8eb2b69408d8e36e81c6a8a4) Importer(815301076,1909f56bfc062723c751e8b465ee728b)  -> (artifact id: '3cf7c496703768181f2da4f6d2f4157f') in 0.019666 seconds 
========================================================================
Received Import Request.
  Time since last request: 0.000030 seconds.
  path: Assets/Fonts/ARTIFAKT ELEMENT BOOK.TTF
  artifactKey: Guid(519912e5f0349c949b96071c07ea9de1) Importer(815301076,1909f56bfc062723c751e8b465ee728b)
Start importing Assets/Fonts/ARTIFAKT ELEMENT BOOK.TTF using Guid(519912e5f0349c949b96071c07ea9de1) Importer(815301076,1909f56bfc062723c751e8b465ee728b)  -> (artifact id: '4aa1af1543874c03f254eafc90fdf3e6') in 0.020483 seconds 
========================================================================
Received Import Request.
  Time since last request: 0.000046 seconds.
  path: Assets/Fonts/BAHNSCHRIFT.TTF
  artifactKey: Guid(d039ecba2e651ab449d810ad37c575ac) Importer(815301076,1909f56bfc062723c751e8b465ee728b)
Start importing Assets/Fonts/BAHNSCHRIFT.TTF using Guid(d039ecba2e651ab449d810ad37c575ac) Importer(815301076,1909f56bfc062723c751e8b465ee728b)  -> (artifact id: 'fd2d280e57a9bc39ec1f3a48773f5ce8') in 0.020430 seconds 
========================================================================
Received Import Request.
  Time since last request: 0.000020 seconds.
  path: Assets/Fonts/ARTIFAKT ELEMENT HAIR ITALIC.TTF
  artifactKey: Guid(e4946f78b13e97847957701e33f81a5b) Importer(815301076,1909f56bfc062723c751e8b465ee728b)
Start importing Assets/Fonts/ARTIFAKT ELEMENT HAIR ITALIC.TTF using Guid(e4946f78b13e97847957701e33f81a5b) Importer(815301076,1909f56bfc062723c751e8b465ee728b)  -> (artifact id: '945cd7edcda8775bffeb56b4cddcc073') in 0.018807 seconds 
========================================================================
Received Prepare
Registering precompiled user dll's ...
Registered in 0.014308 seconds.
Begin MonoManager ReloadAssembly
Symbol file LoadedFromMemory doesn't match image C:\Unity\Project_Bunker\Library\PackageCache\com.unity.visualscripting@1.7.6\Editor\VisualScripting.Core\Dependencies\YamlDotNet\Unity.VisualScripting.YamlDotNet.dll
Symbol file LoadedFromMemory doesn't match image C:\Unity\Project_Bunker\Library\PackageCache\com.unity.visualscripting@1.7.6\Editor\VisualScripting.Core\Dependencies\DotNetZip\Unity.VisualScripting.IonicZip.dll
Native extension for WindowsStandalone target not found
Refreshing native plugins compatible for Editor in 0.67 ms, found 3 plugins.
Preloading 0 native plugins for Editor in 0.00 ms.
Mono: successfully reloaded assembly
- Completed reload, in  1.360 seconds
Domain Reload Profiling:
	ReloadAssembly (1361ms)
		BeginReloadAssembly (272ms)
			ExecutionOrderSort (0ms)
			DisableScriptedObjects (5ms)
			BackupInstance (0ms)
			ReleaseScriptingObjects (0ms)
			CreateAndSetChildDomain (43ms)
		EndReloadAssembly (953ms)
			LoadAssemblies (241ms)
			RebuildTransferFunctionScriptingTraits (0ms)
			SetupTypeCache (297ms)
			ReleaseScriptCaches (1ms)
			RebuildScriptCaches (47ms)
			SetupLoadedEditorAssemblies (419ms)
				LogAssemblyErrors (0ms)
				InitializePlatformSupportModulesInManaged (20ms)
				SetLoadedEditorAssemblies (1ms)
				RefreshPlugins (1ms)
				BeforeProcessingInitializeOnLoad (94ms)
				ProcessInitializeOnLoadAttributes (243ms)
				ProcessInitializeOnLoadMethodAttributes (38ms)
				AfterProcessingInitializeOnLoad (22ms)
				EditorAssembliesLoaded (0ms)
			ExecutionOrderSort2 (0ms)
			AwakeInstancesAfterBackupRestoration (13ms)
Platform modules already initialized, skipping
Refreshing native plugins compatible for Editor in 3.77 ms, found 3 plugins.
Preloading 0 native plugins for Editor in 0.00 ms.
Unloading 3399 Unused Serialized files (Serialized files now loaded: 0)
Unloading 17 unused Assets / (24.7 KB). Loaded Objects now: 3928.
Memory consumption went from 122.6 MB to 122.6 MB.
Total: 2.772100 ms (FindLiveObjects: 0.260400 ms CreateObjectMapping: 0.158100 ms MarkObjects: 2.332100 ms  DeleteObjects: 0.020100 ms)

AssetImportParameters requested are different than current active one (requested -> active):
  custom:video-decoder-ogg-theora: a1e56fd34408186e4bbccfd4996cb3dc -> 
  custom:container-muxer-webm: aa71ff27fc2769a1b78a27578f13a17b -> 
  custom:container-demuxer-webm: 4f35f7cbe854078d1ac9338744f61a02 -> 
  custom:video-encoder-webm-vp8: eb34c28f22e8b96e1ab97ce403110664 -> 
  custom:audio-encoder-webm-vorbis: bf7c407c2cedff20999df2af8eb42d56 -> 
  custom:framework-win-MediaFoundation: 216162199b28c13a410421893ffa2e32 -> 
  custom:container-demuxer-ogg: 62fdf1f143b41e24485cea50d1cbac27 -> 
  custom:video-decoder-webm-vp8: 9c59270c3fd7afecdb556c50c9e8de78 -> 
  custom:audio-decoder-ogg-vorbis: bf7c407c2cedff20999df2af8eb42d56 -> 
Editor requested this worker to shutdown with reason: Scaling down because of idle timeout
AssetImportWorker is now disconnected from the server
Process exiting
Exiting without the bug reporter. Application will terminate with return code 0