Using pre-set license
Built from '2021.3/staging' branch; Version is '2021.3.3f1 (af2e63e8f9bd) revision 11480675'; Using compiler version '192829333'; Build Type 'Release'
OS: 'Windows 10  (10.0.19042) 64bit Enterprise' Language: 'en' Physical Memory: 32603 MB
BatchMode: 1, IsHumanControllingUs: 0, StartBugReporterOnCrash: 0, Is64bit: 1, IsPro: 1

COMMAND LINE ARGUMENTS:
C:\Program Files\Unity\Hub\Editor\2021.3.3f1\Editor\Unity.exe
-adb2
-batchMode
-noUpm
-name
AssetImportWorker0
-projectPath
C:/Unity/UOD8_Industrial/Project_Bunker
-logFile
Logs/AssetImportWorker0.log
-srvPort
54965
Successfully changed project path to: C:/Unity/UOD8_Industrial/Project_Bunker
C:/Unity/UOD8_Industrial/Project_Bunker
[UnityMemory] Configuration Parameters - Can be set up in boot.config
    "memorysetup-bucket-allocator-granularity=16"
    "memorysetup-bucket-allocator-bucket-count=8"
    "memorysetup-bucket-allocator-block-size=33554432"
    "memorysetup-bucket-allocator-block-count=8"
    "memorysetup-main-allocator-block-size=16777216"
    "memorysetup-thread-allocator-block-size=16777216"
    "memorysetup-gfx-main-allocator-block-size=16777216"
    "memorysetup-gfx-thread-allocator-block-size=16777216"
    "memorysetup-cache-allocator-block-size=4194304"
    "memorysetup-typetree-allocator-block-size=2097152"
    "memorysetup-profiler-bucket-allocator-granularity=16"
    "memorysetup-profiler-bucket-allocator-bucket-count=8"
    "memorysetup-profiler-bucket-allocator-block-size=33554432"
    "memorysetup-profiler-bucket-allocator-block-count=8"
    "memorysetup-profiler-allocator-block-size=16777216"
    "memorysetup-profiler-editor-allocator-block-size=1048576"
    "memorysetup-temp-allocator-size-main=16777216"
    "memorysetup-job-temp-allocator-block-size=2097152"
    "memorysetup-job-temp-allocator-block-size-background=1048576"
    "memorysetup-job-temp-allocator-reduction-small-platforms=262144"
    "memorysetup-temp-allocator-size-background-worker=32768"
    "memorysetup-temp-allocator-size-job-worker=262144"
    "memorysetup-temp-allocator-size-preload-manager=33554432"
    "memorysetup-temp-allocator-size-nav-mesh-worker=65536"
    "memorysetup-temp-allocator-size-audio-worker=65536"
    "memorysetup-temp-allocator-size-cloud-worker=32768"
    "memorysetup-temp-allocator-size-gi-baking-worker=262144"
    "memorysetup-temp-allocator-size-gfx=262144"
Refreshing native plugins compatible for Editor in 86.51 ms, found 3 plugins.
Preloading 0 native plugins for Editor in 0.00 ms.
Initialize engine version: 2021.3.3f1 (af2e63e8f9bd)
[Subsystems] Discovering subsystems at path C:/Program Files/Unity/Hub/Editor/2021.3.3f1/Editor/Data/Resources/UnitySubsystems
[Subsystems] Discovering subsystems at path C:/Unity/UOD8_Industrial/Project_Bunker/Assets
GfxDevice: creating device client; threaded=0; jobified=0
Direct3D:
    Version:  Direct3D 11.0 [level 11.1]
    Renderer: NVIDIA GeForce RTX 2070 (ID=0x1f02)
    Vendor:   NVIDIA
    VRAM:     8031 MB
    Driver:   30.0.14.7239
Initialize mono
Mono path[0] = 'C:/Program Files/Unity/Hub/Editor/2021.3.3f1/Editor/Data/Managed'
Mono path[1] = 'C:/Program Files/Unity/Hub/Editor/2021.3.3f1/Editor/Data/MonoBleedingEdge/lib/mono/unityjit-win32'
Mono config path = 'C:/Program Files/Unity/Hub/Editor/2021.3.3f1/Editor/Data/MonoBleedingEdge/etc'
Using monoOptions --debugger-agent=transport=dt_socket,embedding=1,server=y,suspend=n,address=127.0.0.1:56188
Begin MonoManager ReloadAssembly
Registering precompiled unity dll's ...
Register platform support module: C:/Program Files/Unity/Hub/Editor/2021.3.3f1/Editor/Data/PlaybackEngines/WindowsStandaloneSupport/UnityEditor.WindowsStandalone.Extensions.dll
Registered in 0.016077 seconds.
Native extension for WindowsStandalone target not found
Refreshing native plugins compatible for Editor in 74.50 ms, found 3 plugins.
Preloading 0 native plugins for Editor in 0.00 ms.
Mono: successfully reloaded assembly
- Completed reload, in  0.785 seconds
Domain Reload Profiling:
	ReloadAssembly (786ms)
		BeginReloadAssembly (207ms)
			ExecutionOrderSort (0ms)
			DisableScriptedObjects (0ms)
			BackupInstance (0ms)
			ReleaseScriptingObjects (0ms)
			CreateAndSetChildDomain (1ms)
		EndReloadAssembly (444ms)
			LoadAssemblies (207ms)
			RebuildTransferFunctionScriptingTraits (0ms)
			SetupTypeCache (99ms)
			ReleaseScriptCaches (0ms)
			RebuildScriptCaches (25ms)
			SetupLoadedEditorAssemblies (263ms)
				LogAssemblyErrors (0ms)
				InitializePlatformSupportModulesInManaged (9ms)
				SetLoadedEditorAssemblies (0ms)
				RefreshPlugins (75ms)
				BeforeProcessingInitializeOnLoad (1ms)
				ProcessInitializeOnLoadAttributes (128ms)
				ProcessInitializeOnLoadMethodAttributes (50ms)
				AfterProcessingInitializeOnLoad (0ms)
				EditorAssembliesLoaded (0ms)
			ExecutionOrderSort2 (0ms)
			AwakeInstancesAfterBackupRestoration (0ms)
Platform modules already initialized, skipping
Registering precompiled user dll's ...
Registered in 0.021573 seconds.
Begin MonoManager ReloadAssembly
Symbol file LoadedFromMemory doesn't match image C:\Unity\UOD8_Industrial\Project_Bunker\Library\PackageCache\com.unity.visualscripting@1.7.6\Editor\VisualScripting.Core\Dependencies\YamlDotNet\Unity.VisualScripting.YamlDotNet.dll
Symbol file LoadedFromMemory doesn't match image C:\Unity\UOD8_Industrial\Project_Bunker\Library\PackageCache\com.unity.visualscripting@1.7.6\Editor\VisualScripting.Core\Dependencies\DotNetZip\Unity.VisualScripting.IonicZip.dll
Native extension for WindowsStandalone target not found
Refreshing native plugins compatible for Editor in 0.65 ms, found 3 plugins.
Preloading 0 native plugins for Editor in 0.00 ms.
Mono: successfully reloaded assembly
- Completed reload, in  1.348 seconds
Domain Reload Profiling:
	ReloadAssembly (1349ms)
		BeginReloadAssembly (219ms)
			ExecutionOrderSort (0ms)
			DisableScriptedObjects (5ms)
			BackupInstance (0ms)
			ReleaseScriptingObjects (0ms)
			CreateAndSetChildDomain (15ms)
		EndReloadAssembly (971ms)
			LoadAssemblies (311ms)
			RebuildTransferFunctionScriptingTraits (0ms)
			SetupTypeCache (258ms)
			ReleaseScriptCaches (1ms)
			RebuildScriptCaches (46ms)
			SetupLoadedEditorAssemblies (421ms)
				LogAssemblyErrors (0ms)
				InitializePlatformSupportModulesInManaged (7ms)
				SetLoadedEditorAssemblies (0ms)
				RefreshPlugins (1ms)
				BeforeProcessingInitializeOnLoad (101ms)
				ProcessInitializeOnLoadAttributes (267ms)
				ProcessInitializeOnLoadMethodAttributes (28ms)
				AfterProcessingInitializeOnLoad (16ms)
				EditorAssembliesLoaded (0ms)
			ExecutionOrderSort2 (0ms)
			AwakeInstancesAfterBackupRestoration (12ms)
Platform modules already initialized, skipping
========================================================================
Worker process is ready to serve import requests
Launched and connected shader compiler UnityShaderCompiler.exe after 0.10 seconds
Refreshing native plugins compatible for Editor in 0.61 ms, found 3 plugins.
Preloading 0 native plugins for Editor in 0.00 ms.
Unloading 3893 Unused Serialized files (Serialized files now loaded: 0)
Unloading 27 unused Assets / (172.7 KB). Loaded Objects now: 4352.
Memory consumption went from 140.2 MB to 140.0 MB.
Total: 3.409800 ms (FindLiveObjects: 0.291200 ms CreateObjectMapping: 0.240000 ms MarkObjects: 2.769100 ms  DeleteObjects: 0.108500 ms)

AssetImportParameters requested are different than current active one (requested -> active):
  custom:video-decoder-ogg-theora: a1e56fd34408186e4bbccfd4996cb3dc -> 
  custom:container-muxer-webm: aa71ff27fc2769a1b78a27578f13a17b -> 
  custom:container-demuxer-webm: 4f35f7cbe854078d1ac9338744f61a02 -> 
  custom:video-encoder-webm-vp8: eb34c28f22e8b96e1ab97ce403110664 -> 
  custom:audio-encoder-webm-vorbis: bf7c407c2cedff20999df2af8eb42d56 -> 
  custom:framework-win-MediaFoundation: 216162199b28c13a410421893ffa2e32 -> 
  custom:container-demuxer-ogg: 62fdf1f143b41e24485cea50d1cbac27 -> 
  custom:video-decoder-webm-vp8: 9c59270c3fd7afecdb556c50c9e8de78 -> 
  custom:audio-decoder-ogg-vorbis: bf7c407c2cedff20999df2af8eb42d56 -> 
========================================================================
Received Import Request.
  Time since last request: 5975.129074 seconds.
  path: Assets/Models/Crate/Materials
  artifactKey: Guid(65b526381aa53464f87fecccd1c6e165) Importer(815301076,1909f56bfc062723c751e8b465ee728b)
Start importing Assets/Models/Crate/Materials using Guid(65b526381aa53464f87fecccd1c6e165) Importer(815301076,1909f56bfc062723c751e8b465ee728b)  -> (artifact id: '9d5eede6c5b0c31e36adc28b94b1c8f5') in 0.019387 seconds 
========================================================================
Received Import Request.
  Time since last request: 0.000029 seconds.
  path: Assets/Models/Crate/Materials/H_Crate_h_crate_mat_Normal.png
  artifactKey: Guid(37a15ac28ee0bf840a1a940e583a075e) Importer(815301076,1909f56bfc062723c751e8b465ee728b)
Start importing Assets/Models/Crate/Materials/H_Crate_h_crate_mat_Normal.png using Guid(37a15ac28ee0bf840a1a940e583a075e) Importer(815301076,1909f56bfc062723c751e8b465ee728b)  -> (artifact id: 'ac8a20367a7d5c17f4720b4748913cee') in 0.087066 seconds 
========================================================================
Received Import Request.
  Time since last request: 1.101533 seconds.
  path: Assets/Models/Crate/Materials/Crate Normal.png
  artifactKey: Guid(37a15ac28ee0bf840a1a940e583a075e) Importer(815301076,1909f56bfc062723c751e8b465ee728b)
Start importing Assets/Models/Crate/Materials/Crate Normal.png using Guid(37a15ac28ee0bf840a1a940e583a075e) Importer(815301076,1909f56bfc062723c751e8b465ee728b)  -> (artifact id: '4a8ebfdc1d3a0c2d1582077e825735a8') in 0.026460 seconds 
========================================================================
Received Import Request.
  Time since last request: 6.537669 seconds.
  path: Assets/Models/Crate/Materials/Crate Normal.png
  artifactKey: Guid(37a15ac28ee0bf840a1a940e583a075e) Importer(815301076,1909f56bfc062723c751e8b465ee728b)
Start importing Assets/Models/Crate/Materials/Crate Normal.png using Guid(37a15ac28ee0bf840a1a940e583a075e) Importer(815301076,1909f56bfc062723c751e8b465ee728b)  -> (artifact id: '46f9bb506539de4b14df434e33b9f98f') in 0.045918 seconds 
========================================================================
Received Import Request.
  Time since last request: 10.144585 seconds.
  path: Assets/Models/Crate/Materials/Crate Mask Map.png
  artifactKey: Guid(7437c6154bb60464c8e39888237ceb12) Importer(815301076,1909f56bfc062723c751e8b465ee728b)
Start importing Assets/Models/Crate/Materials/Crate Mask Map.png using Guid(7437c6154bb60464c8e39888237ceb12) Importer(815301076,1909f56bfc062723c751e8b465ee728b)  -> (artifact id: '615a9a566c65469c4ded5c1bb1e1e021') in 0.026158 seconds 
========================================================================
Received Import Request.
  Time since last request: 8.520319 seconds.
  path: Assets/Models/Crate/Materials/Crate Base Map.png
  artifactKey: Guid(8d58454e610df0c4fba11637b668b854) Importer(815301076,1909f56bfc062723c751e8b465ee728b)
Start importing Assets/Models/Crate/Materials/Crate Base Map.png using Guid(8d58454e610df0c4fba11637b668b854) Importer(815301076,1909f56bfc062723c751e8b465ee728b)  -> (artifact id: 'ecc15db48e03ae1453c0bc8fa9046361') in 0.026049 seconds 
========================================================================
Received Import Request.
  Time since last request: 7.926315 seconds.
  path: Assets/Models/Crate/Materials/Crate.mat
  artifactKey: Guid(9f1b1d037e0062a4696aeccda95f6c5d) Importer(815301076,1909f56bfc062723c751e8b465ee728b)
Start importing Assets/Models/Crate/Materials/Crate.mat using Guid(9f1b1d037e0062a4696aeccda95f6c5d) Importer(815301076,1909f56bfc062723c751e8b465ee728b)  -> (artifact id: 'b1d97c8cd6dc24f712c86dcd08c88966') in 0.069227 seconds 
========================================================================
Received Import Request.
  Time since last request: 32.923400 seconds.
  path: Assets/Scripts/Character Movement/CharacterMovement Test Scene.unity
  artifactKey: Guid(9fc0d4010bbf28b4594072e72b8655ab) Importer(815301076,1909f56bfc062723c751e8b465ee728b)
Start importing Assets/Scripts/Character Movement/CharacterMovement Test Scene.unity using Guid(9fc0d4010bbf28b4594072e72b8655ab) Importer(815301076,1909f56bfc062723c751e8b465ee728b)  -> (artifact id: '591fb4e6cc263e1b03a763f98d92f882') in 0.016536 seconds 
========================================================================
Received Import Request.
  Time since last request: 47.151735 seconds.
  path: Assets/Models/Crate/Materials/Crate.mat
  artifactKey: Guid(9f1b1d037e0062a4696aeccda95f6c5d) Importer(815301076,1909f56bfc062723c751e8b465ee728b)
Start importing Assets/Models/Crate/Materials/Crate.mat using Guid(9f1b1d037e0062a4696aeccda95f6c5d) Importer(815301076,1909f56bfc062723c751e8b465ee728b)  -> (artifact id: '94833ed25c348f826ba58951e6487951') in 0.025361 seconds 
========================================================================
Received Import Request.
  Time since last request: 267.646856 seconds.
  path: Assets/Models/Pipes/Pipe 1 materials
  artifactKey: Guid(1132323aea6b6884d91da5537439591d) Importer(815301076,1909f56bfc062723c751e8b465ee728b)
Start importing Assets/Models/Pipes/Pipe 1 materials using Guid(1132323aea6b6884d91da5537439591d) Importer(815301076,1909f56bfc062723c751e8b465ee728b)  -> (artifact id: '000ffb4898f3115a43d466344a9d5a3f') in 0.009600 seconds 
========================================================================
Received Import Request.
  Time since last request: 9.500291 seconds.
  path: Assets/Models/Pipes/Pipe 2 Materials
  artifactKey: Guid(faa9e473cafad39418735eabc7e89b21) Importer(815301076,1909f56bfc062723c751e8b465ee728b)
Start importing Assets/Models/Pipes/Pipe 2 Materials using Guid(faa9e473cafad39418735eabc7e89b21) Importer(815301076,1909f56bfc062723c751e8b465ee728b)  -> (artifact id: '794e69c45e6eca74107ab758efb79821') in 0.009283 seconds 
========================================================================
Received Import Request.
  Time since last request: 8.841042 seconds.
  path: Assets/Models/Pipes/Pipe 1 Materials
  artifactKey: Guid(1132323aea6b6884d91da5537439591d) Importer(815301076,1909f56bfc062723c751e8b465ee728b)
Start importing Assets/Models/Pipes/Pipe 1 Materials using Guid(1132323aea6b6884d91da5537439591d) Importer(815301076,1909f56bfc062723c751e8b465ee728b)  -> (artifact id: 'c97c83fde32703db306c0086c0e4a15c') in 0.008214 seconds 
========================================================================
Received Import Request.
  Time since last request: 85.453707 seconds.
  path: Assets/Models/Pipes/Pipe 2 Materials/H_Pipe2_h_pipe2_mat_BaseMap.png
  artifactKey: Guid(a6ce62489c0826c46a05fe7f46ae3f78) Importer(815301076,1909f56bfc062723c751e8b465ee728b)
Start importing Assets/Models/Pipes/Pipe 2 Materials/H_Pipe2_h_pipe2_mat_BaseMap.png using Guid(a6ce62489c0826c46a05fe7f46ae3f78) Importer(815301076,1909f56bfc062723c751e8b465ee728b)  -> (artifact id: 'b22c3000b7adeaa61f651fc2ca5de731') in 0.021489 seconds 
========================================================================
Received Import Request.
  Time since last request: 0.000018 seconds.
  path: Assets/Models/Pipes/Pipe 2 Materials/H_Pipe2_h_pipe2_mat_Normal.png
  artifactKey: Guid(508f1336759c5c64cb6e1726b82d0755) Importer(815301076,1909f56bfc062723c751e8b465ee728b)
Start importing Assets/Models/Pipes/Pipe 2 Materials/H_Pipe2_h_pipe2_mat_Normal.png using Guid(508f1336759c5c64cb6e1726b82d0755) Importer(815301076,1909f56bfc062723c751e8b465ee728b)  -> (artifact id: '7acd0569cb0b86af611542133c6d62c9') in 0.020140 seconds 
========================================================================
Received Import Request.
  Time since last request: 7.762756 seconds.
  path: Assets/Models/Pipes/Pipe 2 Materials/Pipe2 Normal.png
  artifactKey: Guid(508f1336759c5c64cb6e1726b82d0755) Importer(815301076,1909f56bfc062723c751e8b465ee728b)
Start importing Assets/Models/Pipes/Pipe 2 Materials/Pipe2 Normal.png using Guid(508f1336759c5c64cb6e1726b82d0755) Importer(815301076,1909f56bfc062723c751e8b465ee728b)  -> (artifact id: '3b403c3f7256fb61e28b000f0354757f') in 0.015702 seconds 
========================================================================
Received Import Request.
  Time since last request: 8.177321 seconds.
  path: Assets/Models/Pipes/Pipe 2 Materials/Pipe2 Normal.png
  artifactKey: Guid(508f1336759c5c64cb6e1726b82d0755) Importer(815301076,1909f56bfc062723c751e8b465ee728b)
Start importing Assets/Models/Pipes/Pipe 2 Materials/Pipe2 Normal.png using Guid(508f1336759c5c64cb6e1726b82d0755) Importer(815301076,1909f56bfc062723c751e8b465ee728b)  -> (artifact id: '40880a1b8772ceda4bc483a38bd30fac') in 0.015208 seconds 
========================================================================
Received Import Request.
  Time since last request: 11.569391 seconds.
  path: Assets/Models/Pipes/Pipe 2 Materials/Pipe2 Mask Map.png
  artifactKey: Guid(6540a55394ab5264ca6a5b039861b496) Importer(815301076,1909f56bfc062723c751e8b465ee728b)
Start importing Assets/Models/Pipes/Pipe 2 Materials/Pipe2 Mask Map.png using Guid(6540a55394ab5264ca6a5b039861b496) Importer(815301076,1909f56bfc062723c751e8b465ee728b)  -> (artifact id: '24038445babc65647c3d75687952bf73') in 0.015992 seconds 
========================================================================
Received Import Request.
  Time since last request: 9.811993 seconds.
  path: Assets/Models/Pipes/Pipe 2 Materials/Pipe2 Base Map.png
  artifactKey: Guid(a6ce62489c0826c46a05fe7f46ae3f78) Importer(815301076,1909f56bfc062723c751e8b465ee728b)
Start importing Assets/Models/Pipes/Pipe 2 Materials/Pipe2 Base Map.png using Guid(a6ce62489c0826c46a05fe7f46ae3f78) Importer(815301076,1909f56bfc062723c751e8b465ee728b)  -> (artifact id: '79cc6bb91ade0964e05b46ce2531a795') in 0.016453 seconds 
========================================================================
Received Import Request.
  Time since last request: 86.217584 seconds.
  path: Assets/Models/Pipes/Pipe 2 Materials/Pipe2.mat
  artifactKey: Guid(950b07ddc628d284fa121ded547a0f03) Importer(815301076,1909f56bfc062723c751e8b465ee728b)
Start importing Assets/Models/Pipes/Pipe 2 Materials/Pipe2.mat using Guid(950b07ddc628d284fa121ded547a0f03) Importer(815301076,1909f56bfc062723c751e8b465ee728b)  -> (artifact id: '46f08480e16adf9706972827e30f7112') in 0.015384 seconds 
========================================================================
Received Import Request.
  Time since last request: 61.312715 seconds.
  path: Assets/Models/Pipes/Pipe 1 Materials/H_Pipe1_h_pipe1_mat_BaseMap.png
  artifactKey: Guid(e9af41e0c2bdb5841a13d7010162be10) Importer(815301076,1909f56bfc062723c751e8b465ee728b)
Start importing Assets/Models/Pipes/Pipe 1 Materials/H_Pipe1_h_pipe1_mat_BaseMap.png using Guid(e9af41e0c2bdb5841a13d7010162be10) Importer(815301076,1909f56bfc062723c751e8b465ee728b)  -> (artifact id: '6b0f6f9edc0570d8fed31ed94f2bbd59') in 0.035281 seconds 
========================================================================
Received Import Request.
  Time since last request: 0.000019 seconds.
  path: Assets/Models/Pipes/Pipe 1 Materials/H_Pipe1_h_pipe1_mat_Normal.png
  artifactKey: Guid(c69a44c71e4160b4691e1f948dc74e0e) Importer(815301076,1909f56bfc062723c751e8b465ee728b)
Start importing Assets/Models/Pipes/Pipe 1 Materials/H_Pipe1_h_pipe1_mat_Normal.png using Guid(c69a44c71e4160b4691e1f948dc74e0e) Importer(815301076,1909f56bfc062723c751e8b465ee728b)  -> (artifact id: '40dbf2d9a9e64c5e5ad5749fb4506066') in 0.021610 seconds 
========================================================================
Received Import Request.
  Time since last request: 10.969539 seconds.
  path: Assets/Models/Pipes/Pipe 1 Materials/Pipe1 Normal.png
  artifactKey: Guid(c69a44c71e4160b4691e1f948dc74e0e) Importer(815301076,1909f56bfc062723c751e8b465ee728b)
Start importing Assets/Models/Pipes/Pipe 1 Materials/Pipe1 Normal.png using Guid(c69a44c71e4160b4691e1f948dc74e0e) Importer(815301076,1909f56bfc062723c751e8b465ee728b)  -> (artifact id: 'a79f1d97a1b79183af5446dfff9445b3') in 0.024110 seconds 
========================================================================
Received Import Request.
  Time since last request: 10.873834 seconds.
  path: Assets/Models/Pipes/Pipe 1 Materials/Pipe1 Mask Map.png
  artifactKey: Guid(78c579f52a5267446a0f444b9e33ffdc) Importer(815301076,1909f56bfc062723c751e8b465ee728b)
Start importing Assets/Models/Pipes/Pipe 1 Materials/Pipe1 Mask Map.png using Guid(78c579f52a5267446a0f444b9e33ffdc) Importer(815301076,1909f56bfc062723c751e8b465ee728b)  -> (artifact id: 'c87a13782067e08f238d3a1e55e75c3e') in 0.030201 seconds 
========================================================================
Received Import Request.
  Time since last request: 19.395149 seconds.
  path: Assets/Models/Pipes/Pipe 1 Materials/Pipe1 Base Map.png
  artifactKey: Guid(e9af41e0c2bdb5841a13d7010162be10) Importer(815301076,1909f56bfc062723c751e8b465ee728b)
Start importing Assets/Models/Pipes/Pipe 1 Materials/Pipe1 Base Map.png using Guid(e9af41e0c2bdb5841a13d7010162be10) Importer(815301076,1909f56bfc062723c751e8b465ee728b)  -> (artifact id: 'ee9788204ed4d39526a2f4e2720d484f') in 0.019332 seconds 
========================================================================
Received Import Request.
  Time since last request: 4.993592 seconds.
  path: Assets/Models/Pipes/Pipe 1 Materials/Pipe1 Normal.png
  artifactKey: Guid(c69a44c71e4160b4691e1f948dc74e0e) Importer(815301076,1909f56bfc062723c751e8b465ee728b)
Start importing Assets/Models/Pipes/Pipe 1 Materials/Pipe1 Normal.png using Guid(c69a44c71e4160b4691e1f948dc74e0e) Importer(815301076,1909f56bfc062723c751e8b465ee728b)  -> (artifact id: 'de1e5c1294cc76eb655250c357cc3ebb') in 0.025871 seconds 
========================================================================
Received Import Request.
  Time since last request: 5.786369 seconds.
  path: Assets/Models/Pipes/Pipe 1 Materials/Pipe1.mat
  artifactKey: Guid(ca482464a7fabdb4e89023db8ac5f0e6) Importer(815301076,1909f56bfc062723c751e8b465ee728b)
Start importing Assets/Models/Pipes/Pipe 1 Materials/Pipe1.mat using Guid(ca482464a7fabdb4e89023db8ac5f0e6) Importer(815301076,1909f56bfc062723c751e8b465ee728b)  -> (artifact id: '564be75b50fe817b636532f36c7f3b25') in 0.022593 seconds 
========================================================================
Received Import Request.
  Time since last request: 66.480780 seconds.
  path: Assets/Models/Celing Lamp/CelingLamp.fbx
  artifactKey: Guid(cb6c0ea7e3b08d34fa3141280268a0e7) Importer(815301076,1909f56bfc062723c751e8b465ee728b)
Start importing Assets/Models/Celing Lamp/CelingLamp.fbx using Guid(cb6c0ea7e3b08d34fa3141280268a0e7) Importer(815301076,1909f56bfc062723c751e8b465ee728b)  -> (artifact id: 'a3f4e4eb32b63979b115f4937329d6bc') in 0.111174 seconds 
========================================================================
Received Import Request.
  Time since last request: 2.048599 seconds.
  path: Assets/Models/Celing Lamp/Textures
  artifactKey: Guid(4da04eb5bb105f94e819947f6b2f00bf) Importer(815301076,1909f56bfc062723c751e8b465ee728b)
Start importing Assets/Models/Celing Lamp/Textures using Guid(4da04eb5bb105f94e819947f6b2f00bf) Importer(815301076,1909f56bfc062723c751e8b465ee728b)  -> (artifact id: '0853d9992a0178e5a6af2c4a4ec29f19') in 0.007245 seconds 
========================================================================
Received Import Request.
  Time since last request: 0.780174 seconds.
  path: Assets/Models/Celing Lamp/Textures/Ceiling_Lamp.mat
  artifactKey: Guid(a2315a0c75e0aa041a7bae9da8d6dea7) Importer(815301076,1909f56bfc062723c751e8b465ee728b)
Start importing Assets/Models/Celing Lamp/Textures/Ceiling_Lamp.mat using Guid(a2315a0c75e0aa041a7bae9da8d6dea7) Importer(815301076,1909f56bfc062723c751e8b465ee728b)  -> (artifact id: 'd88a9abe9f7f551f8f3be032c42522a5') in 0.021061 seconds 
========================================================================
Received Import Request.
  Time since last request: 0.000013 seconds.
  path: Assets/Models/Celing Lamp/Textures/H_CeilingLamp_h_ceilinglamp_mat_Normal.png
  artifactKey: Guid(5f9bc9b642f5ff4409ffebe3ae825a33) Importer(815301076,1909f56bfc062723c751e8b465ee728b)
Start importing Assets/Models/Celing Lamp/Textures/H_CeilingLamp_h_ceilinglamp_mat_Normal.png using Guid(5f9bc9b642f5ff4409ffebe3ae825a33) Importer(815301076,1909f56bfc062723c751e8b465ee728b)  -> (artifact id: '7bd956b989105b2a56a05f67a31d301f') in 0.026244 seconds 
========================================================================
Received Import Request.
  Time since last request: 1149.130210 seconds.
  path: Assets/Scripts/Screen Transition/ScreenTransition.cs
  artifactKey: Guid(01dd24506d0790e4abaa9e34637408c3) Importer(815301076,1909f56bfc062723c751e8b465ee728b)
Start importing Assets/Scripts/Screen Transition/ScreenTransition.cs using Guid(01dd24506d0790e4abaa9e34637408c3) Importer(815301076,1909f56bfc062723c751e8b465ee728b)  -> (artifact id: 'da4af8fc7b3136417ba5f30f305bdac7') in 0.008329 seconds 
========================================================================
Received Import Request.
  Time since last request: 0.070996 seconds.
  path: Assets/Scripts/Screen Transition/ScreenTransition.unity
  artifactKey: Guid(2ff87aa55d0129e41994cf000489611d) Importer(815301076,1909f56bfc062723c751e8b465ee728b)
Start importing Assets/Scripts/Screen Transition/ScreenTransition.unity using Guid(2ff87aa55d0129e41994cf000489611d) Importer(815301076,1909f56bfc062723c751e8b465ee728b)  -> (artifact id: '252b55148410169c661d78f97c8afd23') in 0.004617 seconds 
